(t0): New task P1
(t0): New task P3
(t0): P1 running
(t1): New task P2
(t1): New task P4
(t1): P1 running
(t2): P1 running
(t3): Task P1 goes to sleep until (t8)
(t2): Context switch (P1)<->(P3)
(t3): P3 running
(t4): P3 running
(t5): P3 running
(t6): Task P3 goes to sleep until (t11)
(t5): Context switch (P3)<->(P2)
(t6): P2 running
(t7): Task P2 goes to sleep until (t9)
(t6): Context switch (P2)<->(P4)
(t7): P4 running
(t8): task P1 awake
(t8): P4 running
(t9): task P2 awake
(t9): P4 running
(t10): Task P4 goes to sleep until (t15)
(t9): Context switch (P4)<->(P1)
(t10): P1 running
(t11): task P3 awake
(t11): P1 running
(t12): P1 running
(t13): P1 running
(t14): Task P1 goes to sleep until (t15)
(t13): Context switch (P1)<->(P2)
(t14): P2 running
(t15): task P4 awake
(t15): P2 running
(t16): P2 running
(t17): P2 running
(t17): Context switch (P2)<->(P3)
(t18): P3 running
(t19): P3 running
(t20): P3 running
(t21): P3 running
(t22): Task P3 goes to sleep until (t23)
(t21): Context switch (P3)<->(P4)
(t22): P4 running
(t23): P4 running
(t24): P4 running
(t25): P4 running
(t26): Task P4 goes to sleep until (t27)
(t25): Context switch (P4)<->(P2)
(t26): P2 running
(t27): P2 running
(t27): Context switch (P2)<->(idle)
==================
P1	0	3	running
P1	3	8	I/O
P1	8	10	ready
P1	10	14	running
P1	14	15	I/O
P2	1	6	ready
P2	6	7	running
P2	7	9	I/O
P2	9	14	ready
P2	14	18	running
P2	18	26	ready
P2	26	28	running
P3	0	3	ready
P3	3	6	running
P3	6	11	I/O
P3	11	18	ready
P3	18	22	running
P3	22	23	I/O
P4	1	7	ready
P4	7	10	running
P4	10	15	I/O
P4	15	22	ready
P4	22	26	running
P4	26	27	I/O
