(t0): New task T0
(t0): T0 running
(t1): New task T1
(t1): T0 running
(t2): New task T2
(t2): T0 running
(t3): New task T3
(t3): T0 running
(t4): T0 running
(t4): Context switch (T0)<->(T1)
(t5): T1 running
(t6): T1 running
(t7): T1 running
(t8): T1 running
(t9): T1 running
(t10): T1 running
(t11): T1 running
(t12): T1 running
(t13): T1 running
(t14): T1 running
(t15): T1 running
(t16): T1 running
(t16): Context switch (T1)<->(T2)
(t17): T2 running
(t18): T2 running
(t18): Context switch (T2)<->(T3)
(t19): T3 running
(t19): Context switch (T3)<->(idle)
==================
T0	0	5	running
T1	1	5	ready
T1	5	17	running
T2	2	17	ready
T2	17	19	running
T3	3	19	ready
T3	19	20	running
